<?xml version="1.0" encoding="UTF-8" ?>
<testsuites errors="8"
            failures="1"
            tests="1">

  <testsuite name="ecosia"
    errors="8" failures="1" hostname="" id="" package="ecosia" skipped="0"
    tests="1" time="6.854" timestamp="">
  
    <testcase name="Demo test ecosia.org" classname="ecosia" time="6.854" assertions="5">

    

    

    

      <failure message="Testing if element &lt;.mainline-results&gt; contains text &#39;Nightwatch.js&#39; in 5000ms - expected &#34;contains text &#39;Nightwatch.js&#39;&#34; but got: &#34;element could not be located&#34; (5004ms)">    at processTicksAndRejections (internal/process/task_queues.js:97:5)</failure>

    
    <error message="Error while running &#34;containsText&#34; command: Testing if element [0;33m&lt;.mainline-results&gt;[0m contains text [0;33m&#39;Nightwatch.js&#39;[0m in 5000ms - expected [0;32m&#34;contains text &#39;Nightwatch.js&#39;&#34;[0m but got: [0;31m&#34;element could not be located&#34;[0m [0;90m(5004ms)[0m" type="error"><![CDATA[
        at processTicksAndRejections (internal/process/task_queues.js:97:5)
    ]]></error>
    
    </testcase>
  

  
    <system-err>
        NoSuchElementError: An error occurred while running .getText() command on &lt;.mainline-results&gt;: from unknown error: web view not found,  (Session info: chrome=93.0.4577.82),  (Driver info: chromedriver=93.0.4577.15 (660fc11082ba57405eca2e8c49c3e1af756fbfae-refs/branch-heads/4577@{#203}),platform=Windows NT 10.0.19043 x86_64); no such window: target window already closed
   {&#34;status&#34;:-1,&#34;state&#34;:&#34;&#34;,&#34;code&#34;:&#34;&#34;,&#34;value&#34;:{&#34;message&#34;:&#34;no such window: target window already closed&#34;,&#34;error&#34;:[&#34;from unknown error: web view not found&#34;,&#34;  (Session info: chrome=93.0.4577.82)&#34;,&#34;  (Driver info: chromedriver=93.0.4577.15 (660fc11082ba57405eca2e8c49c3e1af756fbfae-refs/branch-heads/4577@{#203}),platform=Windows NT 10.0.19043 x86_64)&#34;]},&#34;errorStatus&#34;:23,&#34;error&#34;:&#34;The specified window could not be found. – no such window: target window already closed&#34;,&#34;httpStatusCode&#34;:200}
       at processTicksAndRejections (internal/process/task_queues.js:97:5)
  NoSuchElementError: An error occurred while running .getText() command on &lt;.mainline-results&gt;: from unknown error: web view not found,  (Session info: chrome=93.0.4577.82),  (Driver info: chromedriver=93.0.4577.15 (660fc11082ba57405eca2e8c49c3e1af756fbfae-refs/branch-heads/4577@{#203}),platform=Windows NT 10.0.19043 x86_64); no such window: target window already closed
   {&#34;status&#34;:-1,&#34;state&#34;:&#34;&#34;,&#34;code&#34;:&#34;&#34;,&#34;value&#34;:{&#34;message&#34;:&#34;no such window: target window already closed&#34;,&#34;error&#34;:[&#34;from unknown error: web view not found&#34;,&#34;  (Session info: chrome=93.0.4577.82)&#34;,&#34;  (Driver info: chromedriver=93.0.4577.15 (660fc11082ba57405eca2e8c49c3e1af756fbfae-refs/branch-heads/4577@{#203}),platform=Windows NT 10.0.19043 x86_64)&#34;]},&#34;errorStatus&#34;:23,&#34;error&#34;:&#34;The specified window could not be found. – no such window: target window already closed&#34;,&#34;httpStatusCode&#34;:200}
       at listOnTimeout (internal/timers.js:554:17)
       at processTimers (internal/timers.js:497:7)
  NoSuchElementError: An error occurred while running .getText() command on &lt;.mainline-results&gt;: from unknown error: web view not found,  (Session info: chrome=93.0.4577.82),  (Driver info: chromedriver=93.0.4577.15 (660fc11082ba57405eca2e8c49c3e1af756fbfae-refs/branch-heads/4577@{#203}),platform=Windows NT 10.0.19043 x86_64); no such window: target window already closed
   {&#34;status&#34;:-1,&#34;state&#34;:&#34;&#34;,&#34;code&#34;:&#34;&#34;,&#34;value&#34;:{&#34;message&#34;:&#34;no such window: target window already closed&#34;,&#34;error&#34;:[&#34;from unknown error: web view not found&#34;,&#34;  (Session info: chrome=93.0.4577.82)&#34;,&#34;  (Driver info: chromedriver=93.0.4577.15 (660fc11082ba57405eca2e8c49c3e1af756fbfae-refs/branch-heads/4577@{#203}),platform=Windows NT 10.0.19043 x86_64)&#34;]},&#34;errorStatus&#34;:23,&#34;error&#34;:&#34;The specified window could not be found. – no such window: target window already closed&#34;,&#34;httpStatusCode&#34;:200}
       at listOnTimeout (internal/timers.js:554:17)
       at processTimers (internal/timers.js:497:7)
  NoSuchElementError: An error occurred while running .getText() command on &lt;.mainline-results&gt;: from unknown error: web view not found,  (Session info: chrome=93.0.4577.82),  (Driver info: chromedriver=93.0.4577.15 (660fc11082ba57405eca2e8c49c3e1af756fbfae-refs/branch-heads/4577@{#203}),platform=Windows NT 10.0.19043 x86_64); no such window: target window already closed
   {&#34;status&#34;:-1,&#34;state&#34;:&#34;&#34;,&#34;code&#34;:&#34;&#34;,&#34;value&#34;:{&#34;message&#34;:&#34;no such window: target window already closed&#34;,&#34;error&#34;:[&#34;from unknown error: web view not found&#34;,&#34;  (Session info: chrome=93.0.4577.82)&#34;,&#34;  (Driver info: chromedriver=93.0.4577.15 (660fc11082ba57405eca2e8c49c3e1af756fbfae-refs/branch-heads/4577@{#203}),platform=Windows NT 10.0.19043 x86_64)&#34;]},&#34;errorStatus&#34;:23,&#34;error&#34;:&#34;The specified window could not be found. – no such window: target window already closed&#34;,&#34;httpStatusCode&#34;:200}
       at listOnTimeout (internal/timers.js:554:17)
       at processTimers (internal/timers.js:497:7)
  NoSuchElementError: An error occurred while running .getText() command on &lt;.mainline-results&gt;: from unknown error: web view not found,  (Session info: chrome=93.0.4577.82),  (Driver info: chromedriver=93.0.4577.15 (660fc11082ba57405eca2e8c49c3e1af756fbfae-refs/branch-heads/4577@{#203}),platform=Windows NT 10.0.19043 x86_64); no such window: target window already closed
   {&#34;status&#34;:-1,&#34;state&#34;:&#34;&#34;,&#34;code&#34;:&#34;&#34;,&#34;value&#34;:{&#34;message&#34;:&#34;no such window: target window already closed&#34;,&#34;error&#34;:[&#34;from unknown error: web view not found&#34;,&#34;  (Session info: chrome=93.0.4577.82)&#34;,&#34;  (Driver info: chromedriver=93.0.4577.15 (660fc11082ba57405eca2e8c49c3e1af756fbfae-refs/branch-heads/4577@{#203}),platform=Windows NT 10.0.19043 x86_64)&#34;]},&#34;errorStatus&#34;:23,&#34;error&#34;:&#34;The specified window could not be found. – no such window: target window already closed&#34;,&#34;httpStatusCode&#34;:200}
       at listOnTimeout (internal/timers.js:554:17)
       at processTimers (internal/timers.js:497:7)
  NoSuchElementError: An error occurred while running .getText() command on &lt;.mainline-results&gt;: from unknown error: web view not found,  (Session info: chrome=93.0.4577.82),  (Driver info: chromedriver=93.0.4577.15 (660fc11082ba57405eca2e8c49c3e1af756fbfae-refs/branch-heads/4577@{#203}),platform=Windows NT 10.0.19043 x86_64); no such window: target window already closed
   {&#34;status&#34;:-1,&#34;state&#34;:&#34;&#34;,&#34;code&#34;:&#34;&#34;,&#34;value&#34;:{&#34;message&#34;:&#34;no such window: target window already closed&#34;,&#34;error&#34;:[&#34;from unknown error: web view not found&#34;,&#34;  (Session info: chrome=93.0.4577.82)&#34;,&#34;  (Driver info: chromedriver=93.0.4577.15 (660fc11082ba57405eca2e8c49c3e1af756fbfae-refs/branch-heads/4577@{#203}),platform=Windows NT 10.0.19043 x86_64)&#34;]},&#34;errorStatus&#34;:23,&#34;error&#34;:&#34;The specified window could not be found. – no such window: target window already closed&#34;,&#34;httpStatusCode&#34;:200}
       at listOnTimeout (internal/timers.js:554:17)
       at processTimers (internal/timers.js:497:7)
  NoSuchElementError: An error occurred while running .getText() command on &lt;.mainline-results&gt;: from unknown error: web view not found,  (Session info: chrome=93.0.4577.82),  (Driver info: chromedriver=93.0.4577.15 (660fc11082ba57405eca2e8c49c3e1af756fbfae-refs/branch-heads/4577@{#203}),platform=Windows NT 10.0.19043 x86_64); no such window: target window already closed
   {&#34;status&#34;:-1,&#34;state&#34;:&#34;&#34;,&#34;code&#34;:&#34;&#34;,&#34;value&#34;:{&#34;message&#34;:&#34;no such window: target window already closed&#34;,&#34;error&#34;:[&#34;from unknown error: web view not found&#34;,&#34;  (Session info: chrome=93.0.4577.82)&#34;,&#34;  (Driver info: chromedriver=93.0.4577.15 (660fc11082ba57405eca2e8c49c3e1af756fbfae-refs/branch-heads/4577@{#203}),platform=Windows NT 10.0.19043 x86_64)&#34;]},&#34;errorStatus&#34;:23,&#34;error&#34;:&#34;The specified window could not be found. – no such window: target window already closed&#34;,&#34;httpStatusCode&#34;:200}
       at listOnTimeout (internal/timers.js:554:17)
       at processTimers (internal/timers.js:497:7)
  NoSuchElementError: An error occurred while running .getText() command on &lt;.mainline-results&gt;: from unknown error: web view not found,  (Session info: chrome=93.0.4577.82),  (Driver info: chromedriver=93.0.4577.15 (660fc11082ba57405eca2e8c49c3e1af756fbfae-refs/branch-heads/4577@{#203}),platform=Windows NT 10.0.19043 x86_64); no such window: target window already closed
   {&#34;status&#34;:-1,&#34;state&#34;:&#34;&#34;,&#34;code&#34;:&#34;&#34;,&#34;value&#34;:{&#34;message&#34;:&#34;no such window: target window already closed&#34;,&#34;error&#34;:[&#34;from unknown error: web view not found&#34;,&#34;  (Session info: chrome=93.0.4577.82)&#34;,&#34;  (Driver info: chromedriver=93.0.4577.15 (660fc11082ba57405eca2e8c49c3e1af756fbfae-refs/branch-heads/4577@{#203}),platform=Windows NT 10.0.19043 x86_64)&#34;]},&#34;errorStatus&#34;:23,&#34;error&#34;:&#34;The specified window could not be found. – no such window: target window already closed&#34;,&#34;httpStatusCode&#34;:200}
       at listOnTimeout (internal/timers.js:554:17)
       at processTimers (internal/timers.js:497:7)
    </system-err>
  

    

  
  </testsuite>
</testsuites>
